[2025-12-31T18:54:11.683+0000] {local_task_job_runner.py:120} INFO - ::group::Pre task execution logs
[2025-12-31T18:54:11.693+0000] {taskinstance.py:2076} INFO - Dependencies all met for dep_context=non-requeueable deps ti=<TaskInstance: flights_ops_medallion_pipe.sliver_transform manual__2025-12-31T18:54:10.166065+00:00 [queued]>
[2025-12-31T18:54:11.695+0000] {taskinstance.py:2076} INFO - Dependencies all met for dep_context=requeueable deps ti=<TaskInstance: flights_ops_medallion_pipe.sliver_transform manual__2025-12-31T18:54:10.166065+00:00 [queued]>
[2025-12-31T18:54:11.696+0000] {taskinstance.py:2306} INFO - Starting attempt 1 of 1
[2025-12-31T18:54:11.699+0000] {taskinstance.py:2330} INFO - Executing <Task(PythonOperator): sliver_transform> on 2025-12-31 18:54:10.166065+00:00
[2025-12-31T18:54:11.702+0000] {logging_mixin.py:188} WARNING - /home/airflow/.local/lib/python3.12/site-packages/airflow/task/task_runner/standard_task_runner.py:62 DeprecationWarning: This process (pid=4106) is multi-threaded, use of fork() may lead to deadlocks in the child.
[2025-12-31T18:54:11.702+0000] {standard_task_runner.py:64} INFO - Started process 4108 to run task
[2025-12-31T18:54:11.702+0000] {standard_task_runner.py:90} INFO - Running: ['airflow', 'tasks', 'run', 'flights_ops_medallion_pipe', 'sliver_transform', 'manual__2025-12-31T18:54:10.166065+00:00', '--job-id', '21', '--raw', '--subdir', 'DAGS_FOLDER/flight-pipeline.py', '--cfg-path', '/tmp/tmpx8ibti0n']
[2025-12-31T18:54:11.703+0000] {standard_task_runner.py:91} INFO - Job 21: Subtask sliver_transform
[2025-12-31T18:54:11.718+0000] {task_command.py:426} INFO - Running <TaskInstance: flights_ops_medallion_pipe.sliver_transform manual__2025-12-31T18:54:10.166065+00:00 [running]> on host fc3b12ccbf36
[2025-12-31T18:54:11.806+0000] {taskinstance.py:2648} INFO - Exporting env vars: AIRFLOW_CTX_DAG_OWNER='airflow' AIRFLOW_CTX_DAG_ID='flights_ops_medallion_pipe' AIRFLOW_CTX_TASK_ID='sliver_transform' AIRFLOW_CTX_EXECUTION_DATE='2025-12-31T18:54:10.166065+00:00' AIRFLOW_CTX_TRY_NUMBER='1' AIRFLOW_CTX_DAG_RUN_ID='manual__2025-12-31T18:54:10.166065+00:00'
[2025-12-31T18:54:11.806+0000] {taskinstance.py:430} INFO - ::endgroup::
[2025-12-31T18:54:11.842+0000] {taskinstance.py:441} INFO - ::group::Post task execution logs
[2025-12-31T18:54:11.843+0000] {taskinstance.py:2905} ERROR - Task failed with exception
Traceback (most recent call last):
  File "/home/airflow/.local/lib/python3.12/site-packages/airflow/models/taskinstance.py", line 465, in _execute_task
    result = _execute_callable(context=context, **execute_callable_kwargs)
             ^^^^^^^^^^^^^^^^^^^^^^^^^^^^^^^^^^^^^^^^^^^^^^^^^^^^^^^^^^^^^
  File "/home/airflow/.local/lib/python3.12/site-packages/airflow/models/taskinstance.py", line 432, in _execute_callable
    return execute_callable(context=context, **execute_callable_kwargs)
           ^^^^^^^^^^^^^^^^^^^^^^^^^^^^^^^^^^^^^^^^^^^^^^^^^^^^^^^^^^^^
  File "/home/airflow/.local/lib/python3.12/site-packages/airflow/models/baseoperator.py", line 401, in wrapper
    return func(self, *args, **kwargs)
           ^^^^^^^^^^^^^^^^^^^^^^^^^^^
  File "/home/airflow/.local/lib/python3.12/site-packages/airflow/operators/python.py", line 235, in execute
    return_value = self.execute_callable()
                   ^^^^^^^^^^^^^^^^^^^^^^^
  File "/home/airflow/.local/lib/python3.12/site-packages/airflow/operators/python.py", line 252, in execute_callable
    return self.python_callable(*self.op_args, **self.op_kwargs)
           ^^^^^^^^^^^^^^^^^^^^^^^^^^^^^^^^^^^^^^^^^^^^^^^^^^^^^
  File "/opt/airflow/scripts/silver_transform.py", line 48, in run_sliver_transform
    gold_path = Path(silver_file.replace("silver","gold"))
                     ^^^^^^^^^^^
NameError: name 'silver_file' is not defined. Did you mean: 'silver_path'?
[2025-12-31T18:54:11.847+0000] {taskinstance.py:1206} INFO - Marking task as FAILED. dag_id=flights_ops_medallion_pipe, task_id=sliver_transform, run_id=manual__2025-12-31T18:54:10.166065+00:00, execution_date=20251231T185410, start_date=20251231T185411, end_date=20251231T185411
[2025-12-31T18:54:11.850+0000] {standard_task_runner.py:110} ERROR - Failed to execute job 21 for task sliver_transform (name 'silver_file' is not defined; 4108)
[2025-12-31T18:54:11.882+0000] {local_task_job_runner.py:243} INFO - Task exited with return code 1
[2025-12-31T18:54:11.891+0000] {taskinstance.py:3503} INFO - 0 downstream tasks scheduled from follow-on schedule check
[2025-12-31T18:54:11.892+0000] {local_task_job_runner.py:222} INFO - ::endgroup::
