[2025-12-31T19:02:36.451+0000] {local_task_job_runner.py:120} INFO - ::group::Pre task execution logs
[2025-12-31T19:02:36.462+0000] {taskinstance.py:2076} INFO - Dependencies all met for dep_context=non-requeueable deps ti=<TaskInstance: flights_ops_medallion_pipe.silver_transform manual__2025-12-31T19:02:34.279815+00:00 [queued]>
[2025-12-31T19:02:36.464+0000] {taskinstance.py:2076} INFO - Dependencies all met for dep_context=requeueable deps ti=<TaskInstance: flights_ops_medallion_pipe.silver_transform manual__2025-12-31T19:02:34.279815+00:00 [queued]>
[2025-12-31T19:02:36.464+0000] {taskinstance.py:2306} INFO - Starting attempt 1 of 1
[2025-12-31T19:02:36.467+0000] {taskinstance.py:2330} INFO - Executing <Task(PythonOperator): silver_transform> on 2025-12-31 19:02:34.279815+00:00
[2025-12-31T19:02:36.470+0000] {standard_task_runner.py:90} INFO - Running: ['airflow', 'tasks', 'run', 'flights_ops_medallion_pipe', 'silver_transform', 'manual__2025-12-31T19:02:34.279815+00:00', '--job-id', '29', '--raw', '--subdir', 'DAGS_FOLDER/flight-pipeline.py', '--cfg-path', '/tmp/tmpu7_98o7g']
[2025-12-31T19:02:36.471+0000] {standard_task_runner.py:91} INFO - Job 29: Subtask silver_transform
[2025-12-31T19:02:36.471+0000] {logging_mixin.py:188} WARNING - /home/airflow/.local/lib/python3.12/site-packages/airflow/task/task_runner/standard_task_runner.py:62 DeprecationWarning: This process (pid=4244) is multi-threaded, use of fork() may lead to deadlocks in the child.
[2025-12-31T19:02:36.472+0000] {standard_task_runner.py:64} INFO - Started process 4246 to run task
[2025-12-31T19:02:36.487+0000] {task_command.py:426} INFO - Running <TaskInstance: flights_ops_medallion_pipe.silver_transform manual__2025-12-31T19:02:34.279815+00:00 [running]> on host fc3b12ccbf36
[2025-12-31T19:02:36.571+0000] {taskinstance.py:2648} INFO - Exporting env vars: AIRFLOW_CTX_DAG_OWNER='airflow' AIRFLOW_CTX_DAG_ID='flights_ops_medallion_pipe' AIRFLOW_CTX_TASK_ID='silver_transform' AIRFLOW_CTX_EXECUTION_DATE='2025-12-31T19:02:34.279815+00:00' AIRFLOW_CTX_TRY_NUMBER='1' AIRFLOW_CTX_DAG_RUN_ID='manual__2025-12-31T19:02:34.279815+00:00'
[2025-12-31T19:02:36.572+0000] {taskinstance.py:430} INFO - ::endgroup::
[2025-12-31T19:02:36.606+0000] {taskinstance.py:441} INFO - ::group::Post task execution logs
[2025-12-31T19:02:36.607+0000] {taskinstance.py:2905} ERROR - Task failed with exception
Traceback (most recent call last):
  File "/home/airflow/.local/lib/python3.12/site-packages/airflow/models/taskinstance.py", line 465, in _execute_task
    result = _execute_callable(context=context, **execute_callable_kwargs)
             ^^^^^^^^^^^^^^^^^^^^^^^^^^^^^^^^^^^^^^^^^^^^^^^^^^^^^^^^^^^^^
  File "/home/airflow/.local/lib/python3.12/site-packages/airflow/models/taskinstance.py", line 432, in _execute_callable
    return execute_callable(context=context, **execute_callable_kwargs)
           ^^^^^^^^^^^^^^^^^^^^^^^^^^^^^^^^^^^^^^^^^^^^^^^^^^^^^^^^^^^^
  File "/home/airflow/.local/lib/python3.12/site-packages/airflow/models/baseoperator.py", line 401, in wrapper
    return func(self, *args, **kwargs)
           ^^^^^^^^^^^^^^^^^^^^^^^^^^^
  File "/home/airflow/.local/lib/python3.12/site-packages/airflow/operators/python.py", line 235, in execute
    return_value = self.execute_callable()
                   ^^^^^^^^^^^^^^^^^^^^^^^
  File "/home/airflow/.local/lib/python3.12/site-packages/airflow/operators/python.py", line 252, in execute_callable
    return self.python_callable(*self.op_args, **self.op_kwargs)
           ^^^^^^^^^^^^^^^^^^^^^^^^^^^^^^^^^^^^^^^^^^^^^^^^^^^^^
  File "/opt/airflow/scripts/silver_transform.py", line 48, in run_silver_transform
    gold_path = Path(silver_file.replace("silver","gold"))
                     ^^^^^^^^^^^
NameError: name 'silver_file' is not defined. Did you mean: 'silver_path'?
[2025-12-31T19:02:36.610+0000] {taskinstance.py:1206} INFO - Marking task as FAILED. dag_id=flights_ops_medallion_pipe, task_id=silver_transform, run_id=manual__2025-12-31T19:02:34.279815+00:00, execution_date=20251231T190234, start_date=20251231T190236, end_date=20251231T190236
[2025-12-31T19:02:36.613+0000] {standard_task_runner.py:110} ERROR - Failed to execute job 29 for task silver_transform (name 'silver_file' is not defined; 4246)
[2025-12-31T19:02:36.657+0000] {local_task_job_runner.py:243} INFO - Task exited with return code 1
[2025-12-31T19:02:36.666+0000] {taskinstance.py:3503} INFO - 0 downstream tasks scheduled from follow-on schedule check
[2025-12-31T19:02:36.667+0000] {local_task_job_runner.py:222} INFO - ::endgroup::
