[2025-12-31T19:00:02.423+0000] {local_task_job_runner.py:120} INFO - ::group::Pre task execution logs
[2025-12-31T19:00:02.433+0000] {taskinstance.py:2076} INFO - Dependencies all met for dep_context=non-requeueable deps ti=<TaskInstance: flights_ops_medallion_pipe.sliver_transform scheduled__2025-12-31T18:30:00+00:00 [queued]>
[2025-12-31T19:00:02.435+0000] {taskinstance.py:2076} INFO - Dependencies all met for dep_context=requeueable deps ti=<TaskInstance: flights_ops_medallion_pipe.sliver_transform scheduled__2025-12-31T18:30:00+00:00 [queued]>
[2025-12-31T19:00:02.435+0000] {taskinstance.py:2306} INFO - Starting attempt 1 of 1
[2025-12-31T19:00:02.438+0000] {taskinstance.py:2330} INFO - Executing <Task(PythonOperator): sliver_transform> on 2025-12-31 18:30:00+00:00
[2025-12-31T19:00:02.441+0000] {standard_task_runner.py:90} INFO - Running: ['airflow', 'tasks', 'run', 'flights_ops_medallion_pipe', 'sliver_transform', 'scheduled__2025-12-31T18:30:00+00:00', '--job-id', '27', '--raw', '--subdir', 'DAGS_FOLDER/flight-pipeline.py', '--cfg-path', '/tmp/tmpzwf8wum9']
[2025-12-31T19:00:02.442+0000] {standard_task_runner.py:91} INFO - Job 27: Subtask sliver_transform
[2025-12-31T19:00:02.442+0000] {logging_mixin.py:188} WARNING - /home/airflow/.local/lib/python3.12/site-packages/airflow/task/task_runner/standard_task_runner.py:62 DeprecationWarning: This process (pid=4208) is multi-threaded, use of fork() may lead to deadlocks in the child.
[2025-12-31T19:00:02.443+0000] {standard_task_runner.py:64} INFO - Started process 4210 to run task
[2025-12-31T19:00:02.457+0000] {task_command.py:426} INFO - Running <TaskInstance: flights_ops_medallion_pipe.sliver_transform scheduled__2025-12-31T18:30:00+00:00 [running]> on host fc3b12ccbf36
[2025-12-31T19:00:02.544+0000] {taskinstance.py:2648} INFO - Exporting env vars: AIRFLOW_CTX_DAG_OWNER='airflow' AIRFLOW_CTX_DAG_ID='flights_ops_medallion_pipe' AIRFLOW_CTX_TASK_ID='sliver_transform' AIRFLOW_CTX_EXECUTION_DATE='2025-12-31T18:30:00+00:00' AIRFLOW_CTX_TRY_NUMBER='1' AIRFLOW_CTX_DAG_RUN_ID='scheduled__2025-12-31T18:30:00+00:00'
[2025-12-31T19:00:02.544+0000] {taskinstance.py:430} INFO - ::endgroup::
[2025-12-31T19:00:02.581+0000] {taskinstance.py:441} INFO - ::group::Post task execution logs
[2025-12-31T19:00:02.581+0000] {taskinstance.py:2905} ERROR - Task failed with exception
Traceback (most recent call last):
  File "/home/airflow/.local/lib/python3.12/site-packages/airflow/models/taskinstance.py", line 465, in _execute_task
    result = _execute_callable(context=context, **execute_callable_kwargs)
             ^^^^^^^^^^^^^^^^^^^^^^^^^^^^^^^^^^^^^^^^^^^^^^^^^^^^^^^^^^^^^
  File "/home/airflow/.local/lib/python3.12/site-packages/airflow/models/taskinstance.py", line 432, in _execute_callable
    return execute_callable(context=context, **execute_callable_kwargs)
           ^^^^^^^^^^^^^^^^^^^^^^^^^^^^^^^^^^^^^^^^^^^^^^^^^^^^^^^^^^^^
  File "/home/airflow/.local/lib/python3.12/site-packages/airflow/models/baseoperator.py", line 401, in wrapper
    return func(self, *args, **kwargs)
           ^^^^^^^^^^^^^^^^^^^^^^^^^^^
  File "/home/airflow/.local/lib/python3.12/site-packages/airflow/operators/python.py", line 235, in execute
    return_value = self.execute_callable()
                   ^^^^^^^^^^^^^^^^^^^^^^^
  File "/home/airflow/.local/lib/python3.12/site-packages/airflow/operators/python.py", line 252, in execute_callable
    return self.python_callable(*self.op_args, **self.op_kwargs)
           ^^^^^^^^^^^^^^^^^^^^^^^^^^^^^^^^^^^^^^^^^^^^^^^^^^^^^
  File "/opt/airflow/scripts/silver_transform.py", line 48, in run_silver_transform
    gold_path = Path(silver_file.replace("silver","gold"))
                     ^^^^^^^^^^^
NameError: name 'silver_file' is not defined. Did you mean: 'silver_path'?
[2025-12-31T19:00:02.585+0000] {taskinstance.py:1206} INFO - Marking task as FAILED. dag_id=flights_ops_medallion_pipe, task_id=sliver_transform, run_id=scheduled__2025-12-31T18:30:00+00:00, execution_date=20251231T183000, start_date=20251231T190002, end_date=20251231T190002
[2025-12-31T19:00:02.588+0000] {standard_task_runner.py:110} ERROR - Failed to execute job 27 for task sliver_transform (name 'silver_file' is not defined; 4210)
[2025-12-31T19:00:02.623+0000] {local_task_job_runner.py:243} INFO - Task exited with return code 1
[2025-12-31T19:00:02.632+0000] {taskinstance.py:3503} INFO - 0 downstream tasks scheduled from follow-on schedule check
[2025-12-31T19:00:02.633+0000] {local_task_job_runner.py:222} INFO - ::endgroup::
